android/build/outputs/mapping/release/seeds.txt
com.mygdx.tanks2d.AndroidLauncher
com.mygdx.tanks2d.AndroidLauncher: AndroidLauncher()
...
com.badlogic.gdx.utils.SnapshotArray: void end()
com.badlogic.gdx.utils.LongMap: java.lang.Object get(long)
com.badlogic.gdx.graphics.Pixmap$Filter: com.badlogic.gdx.graphics.Pixmap$Filter[] values()
com.badlogic.gdx.graphics.g2d.ParticleEmitter$SpawnShape: com.badlogic.gdx.graphics.g2d.ParticleEmitter$SpawnShape valueOf(java.lang.String)
com.badlogic.gdx.graphics.g2d.Gdx2DPixmap: java.nio.ByteBuffer newPixmap(long[],int,int,int)
com.badlogic.gdx.utils.ObjectIntMap: void putResize(java.lang.Object,int)
com.esotericsoftware.kryo.util.IdentityObjectIntMap: int getStash(java.lang.Object,int)
com.badlogic.gdx.utils.ComparableTimSort: void mergeLo(int,int,int,int)
com.badlogic.gdx.utils.ArrayMap: java.lang.Object get(java.lang.Object,java.lang.Object)
com.badlogic.gdx.utils.Array: void sort()
com.badlogic.gdx.utils.ObjectSet: void ensureCapacity(int)
com.badlogic.gdx.graphics.g2d.TextureAtlas$TextureAtlasData$8: void parse(com.badlogic.gdx.graphics.g2d.TextureAtlas$TextureAtlasData$Region)
com.badlogic.gdx.graphics.g2d.BitmapFont$BitmapFontData: void load(com.badlogic.gdx.files.FileHandle,boolean)
com.badlogic.gdx.graphics.glutils.HdpiMode: com.badlogic.gdx.graphics.glutils.HdpiMode valueOf(java.lang.String)
com.badlogic.gdx.utils.ArrayMap: boolean equals(java.lang.Object)
com.badlogic.gdx.utils.ObjectMap: void clear()
com.badlogic.gdx.utils.ObjectSet: int hashCode()
com.badlogic.gdx.utils.Array: java.lang.Object random()
com.esotericsoftware.kryo.util.ObjectMap: java.lang.Object getStash(java.lang.Object)
com.badlogic.gdx.graphics.g2d.TextureAtlas$TextureAtlasData$4: void parse(com.badlogic.gdx.graphics.g2d.TextureAtlas$TextureAtlasData$Page)
com.badlogic.gdx.utils.LongMap: java.lang.String toString()
com.badlogic.gdx.utils.LongMap: void resize(int)
com.badlogic.gdx.graphics.Mesh$VertexDataType: com.badlogic.gdx.graphics.Mesh$VertexDataType valueOf(java.lang.String)
com.esotericsoftware.reflectasm.FieldAccess: int getIndex(java.lang.String)
com.badlogic.gdx.utils.IntMap: int hashCode()
com.badlogic.gdx.graphics.Pixmap$Blending: com.badlogic.gdx.graphics.Pixmap$Blending[] values()
com.esotericsoftware.kryo.util.IntMap: void putResize(int,java.lang.Object)
com.esotericsoftware.kryo.util.IdentityObjectIntMap: void put(java.lang.Object,int)
com.badlogic.gdx.graphics.g2d.TextureAtlas$TextureAtlasData$9: void parse(com.badlogic.gdx.graphics.g2d.TextureAtlas$TextureAtlasData$Region)
com.badlogic.gdx.utils.ObjectSet$ObjectSetIterator: java.lang.Object next()
com.badlogic.gdx.graphics.g2d.ParticleEmitter$SpawnShape: com.badlogic.gdx.graphics.g2d.ParticleEmitter$SpawnShape[] values()
com.badlogic.gdx.graphics.VertexAttributes: int size()
com.badlogic.gdx.utils.Array: boolean removeValue(java.lang.Object,boolean)
com.badlogic.gdx.utils.TimSort: void mergeAt(int)
com.badlogic.gdx.utils.ArrayMap: int hashCode()
com.badlogic.gdx.graphics.g2d.TextureAtlas$TextureAtlasData$2: void parse(com.badlogic.gdx.graphics.g2d.TextureAtlas$TextureAtlasData$Page)
com.esotericsoftware.kryo.util.ObjectMap: void resize(int)
com.badlogic.gdx.maps.tiled.TiledMapTile$BlendMode: com.badlogic.gdx.maps.tiled.TiledMapTile$BlendMode[] values()
com.badlogic.gdx.graphics.Pixmap$Format: com.badlogic.gdx.graphics.Pixmap$Format[] values()
com.esotericsoftware.kryo.serializers.FieldSerializer: void write(com.esotericsoftware.kryo.Kryo,com.esotericsoftware.kryo.io.Output,java.lang.Object)
com.badlogic.gdx.graphics.glutils.HdpiMode: com.badlogic.gdx.graphics.glutils.HdpiMode[] values()
com.badlogic.gdx.scenes.scene2d.ui.Table: void computeSize()
com.badlogic.gdx.utils.ObjectMap: void clear(int)
com.badlogic.gdx.graphics.glutils.ETC1: int getHeightPKM(java.nio.ByteBuffer,int)
com.badlogic.gdx.graphics.g2d.BitmapFontCache: void addToCache(com.badlogic.gdx.graphics.g2d.GlyphLayout,float,float)
com.badlogic.gdx.graphics.glutils.ETC1: void decodeImage(java.nio.ByteBuffer,int,java.nio.ByteBuffer,int,int,int,int)
com.badlogic.gdx.utils.ObjectFloatMap: int hashCode()