android/build/outputs/mapping/release/mapping.txt
# compiler: R8
# compiler_version: 3.2.74
# min_api: 14
# common_typos_disable
# {"id":"com.android.tools.r8.mapping","version":"2.0"}
# pg_map_id: 9fb63a3
# pg_map_hash: SHA-256 9fb63a3c59de3bb0550a4135af477931f155ba288d2e2c3eb4957f7c7cca1dc4
com.mygdx.tanks2d.Assets.AssetsManagerGame -> w0.a:
    com.badlogic.gdx.assets.AssetManager assetManager -> b
    java.util.HashMap assets -> a
    java.lang.Object get(java.lang.String) -> a
    java.lang.Object get(java.lang.String,java.lang.Class) -> b
    com.badlogic.gdx.assets.AssetManager loadAllAsseGame() -> c
    com.badlogic.gdx.assets.AssetManager loadAllAssetMenu() -> d
    void loadedAseets() -> e
com.mygdx.tanks2d.AudioEngine.AudioEngine -> x0.a:
    com.badlogic.gdx.audio.Sound sound -> c
    com.badlogic.gdx.audio.Sound track -> d
    com.badlogic.gdx.math.Vector2 tempV -> t
    com.badlogic.gdx.audio.Sound pip1 -> a
    boolean SondOn -> p
    java.lang.Long idTrack -> m
    java.lang.Long idTower -> n
    com.badlogic.gdx.audio.Sound redy_for_action -> k
    com.badlogic.gdx.audio.Sound pip -> l
    com.badlogic.gdx.audio.Sound win -> i
    com.badlogic.gdx.audio.Sound music_pause -> j
    com.badlogic.gdx.audio.Sound fight -> g
    boolean MusicOn -> q
    com.badlogic.gdx.audio.Sound loose -> h
    boolean Vibration -> r
    com.badlogic.gdx.audio.Sound tower -> e
    com.badlogic.gdx.audio.Sound explosion -> f
    com.mygdx.tanks2d.MainGame mainGaming -> b
    long pause_music_id -> s
    float timer_towr_ratation -> o
    void Vibration(float) -> a
    void Vibration(int) -> b
    float countVolmeDistantion(float,float,float,float) -> c
    boolean isPause() -> d
    void playMusicPaseMenu() -> e
    void pleySoundKickExplosion(float,float,float,float) -> f
    void pleySoundKickStick(float,float,float,float) -> g
    void pleySoundOfTower() -> h
    void pleySoundOfTracks() -> i
    void pley_fight_ad_sound() -> j
    void pley_lose_ad_sound() -> k
    void pley_pip() -> l
    void pley_win_ad_sound() -> m
    void rady_for_action() -> n
    void stopMusicPaseMenu() -> o
    void stopSoundOfTower() -> p
    void stopSoundOfTracks() -> q
com.mygdx.tanks2d.CameraGame -> v0.a:
    com.badlogic.gdx.utils.viewport.FillViewport viewport -> c
    int wl -> h
    com.mygdx.tanks2d.Units.Tanks.OpponentsTanks targetCamera -> a
    int dw -> i
    com.badlogic.gdx.graphics.OrthographicCamera camera -> b
    int hl -> g
    int sizeMap -> e
    boolean floatCamera -> d
    com.badlogic.gdx.math.Vector2 targetPoint -> f
    void createNewTargetDeathRhim(com.mygdx.tanks2d.Units.Tanks.OpponentsTanks) -> a
    void deathStatus(com.mygdx.tanks2d.Units.Tanks.Tank) -> b
    void fixBounds() -> c
    com.badlogic.gdx.graphics.OrthographicCamera getCamera() -> d
    com.badlogic.gdx.math.Vector3 getCameraPosition() -> e
    com.badlogic.gdx.utils.viewport.FillViewport getViewport() -> f
    void integrationCamera() -> g
    void interatorCamera() -> h
    void jampCameraToPoint(float,float) -> i
    void moveFloatCameraToPoint(float,float,float) -> j
    void setTargetCamera(com.mygdx.tanks2d.Units.Tanks.OpponentsTanks) -> k
com.mygdx.tanks2d.ClientNetWork.ClientThread -> y0.a:
    com.mygdx.tanks2d.ClientNetWork.VoiceChat.VoiceChatClient voiceChatClient -> b
    com.esotericsoftware.kryonet.Client client -> a
    com.mygdx.tanks2d.ClientNetWork.VoiceChat.VoiceChatClient getVoiceChatClient() -> a
com.mygdx.tanks2d.ClientNetWork.Heading_type -> y0.b:
    java.util.HashMap domen -> a
    java.lang.String getDomenTip(int) -> a
...
com.badlogic.gdx.assets.loaders.FileHandleResolver -> c.e:
    com.badlogic.gdx.files.FileHandle resolve(java.lang.String) -> a
com.badlogic.gdx.assets.loaders.I18NBundleLoader -> c.f:
    com.badlogic.gdx.utils.I18NBundle bundle -> b
    com.badlogic.gdx.utils.Array getDependencies(java.lang.String,com.badlogic.gdx.files.FileHandle,com.badlogic.gdx.assets.AssetLoaderParameters) -> a
    void loadAsync(com.badlogic.gdx.assets.AssetManager,java.lang.String,com.badlogic.gdx.files.FileHandle,com.badlogic.gdx.assets.AssetLoaderParameters) -> c
    java.lang.Object loadSync(com.badlogic.gdx.assets.AssetManager,java.lang.String,com.badlogic.gdx.files.FileHandle,com.badlogic.gdx.assets.AssetLoaderParameters) -> d
    com.badlogic.gdx.utils.Array getDependencies(java.lang.String,com.badlogic.gdx.files.FileHandle,com.badlogic.gdx.assets.loaders.I18NBundleLoader$I18NBundleParameter) -> f
    void loadAsync(com.badlogic.gdx.assets.AssetManager,java.lang.String,com.badlogic.gdx.files.FileHandle,com.badlogic.gdx.assets.loaders.I18NBundleLoader$I18NBundleParameter) -> g
    com.badlogic.gdx.utils.I18NBundle loadSync(com.badlogic.gdx.assets.AssetManager,java.lang.String,com.badlogic.gdx.files.FileHandle,com.badlogic.gdx.assets.loaders.I18NBundleLoader$I18NBundleParameter) -> h
com.badlogic.gdx.assets.loaders.I18NBundleLoader$I18NBundleParameter -> c.f$a:
    java.util.Locale locale -> b
    java.lang.String encoding -> c
com.badlogic.gdx.assets.loaders.ModelLoader -> c.g:
    com.badlogic.gdx.utils.Array items -> b
    com.badlogic.gdx.assets.loaders.ModelLoader$ModelParameters defaultParameters -> c
    com.badlogic.gdx.utils.Array getDependencies(java.lang.String,com.badlogic.gdx.files.FileHandle,com.badlogic.gdx.assets.AssetLoaderParameters) -> a
    void loadAsync(com.badlogic.gdx.assets.AssetManager,java.lang.String,com.badlogic.gdx.files.FileHandle,com.badlogic.gdx.assets.AssetLoaderParameters) -> c
    java.lang.Object loadSync(com.badlogic.gdx.assets.AssetManager,java.lang.String,com.badlogic.gdx.files.FileHandle,com.badlogic.gdx.assets.AssetLoaderParameters) -> d
    com.badlogic.gdx.utils.Array getDependencies(java.lang.String,com.badlogic.gdx.files.FileHandle,com.badlogic.gdx.assets.loaders.ModelLoader$ModelParameters) -> f
    void loadAsync(com.badlogic.gdx.assets.AssetManager,java.lang.String,com.badlogic.gdx.files.FileHandle,com.badlogic.gdx.assets.loaders.ModelLoader$ModelParameters) -> g
    com.badlogic.gdx.graphics.g3d.model.data.ModelData loadModelData(com.badlogic.gdx.files.FileHandle,com.badlogic.gdx.assets.loaders.ModelLoader$ModelParameters) -> h
    com.badlogic.gdx.graphics.g3d.Model loadSync(com.badlogic.gdx.assets.AssetManager,java.lang.String,com.badlogic.gdx.files.FileHandle,com.badlogic.gdx.assets.loaders.ModelLoader$ModelParameters) -> i
com.badlogic.gdx.assets.loaders.ModelLoader$ModelParameters -> c.g$a:
    com.badlogic.gdx.assets.loaders.TextureLoader$TextureParameter textureParameter -> b