android/build/outputs/mapping/release/usage.txt
com.mygdx.tanks2d.Assets.AssetsManagerGame:
    public com.badlogic.gdx.assets.AssetManager getAssetManager()
    public float getProgress(com.badlogic.gdx.assets.AssetManager)
    public final com.badlogic.gdx.assets.AssetManager unloadAllAsset(com.badlogic.gdx.assets.AssetManager)
com.mygdx.tanks2d.AudioEngine.AudioEngine:
    java.util.concurrent.ConcurrentHashMap stepCounter
    public static void Mute(boolean)
    private static float countVolmeDistantion(com.badlogic.gdx.math.Vector2,com.badlogic.gdx.math.Vector2)
    public java.lang.Long getIdTrack()
    public void pleySoundKickStick()
    public void pleySoundKickStick(float)
    public void pley_pip_1()
com.mygdx.tanks2d.BuildConfig
com.mygdx.tanks2d.CameraGame:
    private com.badlogic.gdx.math.Vector2 speed
    public void setCamera(com.badlogic.gdx.graphics.OrthographicCamera)
    public void updateCamera()
    public void zoomCamera()
com.mygdx.tanks2d.ClientNetWork.ClientThread:
    public com.esotericsoftware.kryonet.Client getClient()
    public void setClient(com.esotericsoftware.kryonet.Client)
    public void setVoiceChatClient(com.mygdx.tanks2d.ClientNetWork.VoiceChat.VoiceChatClient)
com.mygdx.tanks2d.ClientNetWork.Client_new_Thred
com.mygdx.tanks2d.ClientNetWork.Heading_type:
    public static final int BLUE_COMMAND
    public static final int BUTTON_STARTGAME
    public static final int CHANGE_THE_SCREEN
    public static final int DEATH_TANK
    public static final java.lang.String DEFULT_NAME
    public static final int DISCONECT_PLAYER
    public static final int EXIT_IN_MATH_GAME_PLAYER
    public static final int HP_PLAYER
    public static final int IN_GAME
    public static final int IN_MENU
    public static final int LIFE_TANK
    public static final int MY_COMMAND
    public static final int MY_NIK
    public static final int MY_PARAMETERS
    public static final int MY_SHOT
    public static final int MY_TOKKEN
    public static final int PARAMETERS_COMMAND
    public static final int PARAMETERS_MAP
    public static final int PARAMETERS_MATH
    public static final int PARAMETERS_PLAYER
    public static final int PAUSE_GAME
    public static final int PLAY_GAME
    public static final int RED_COMMAND
    public static final int RESPOWN_TANK_PLAYER
    public static final int SHELL_RUPTURE
    public static final float SHOT_LIFETIME
    public static final int STATUS_GAME
    public void <init>()
com.mygdx.tanks2d.ClientNetWork.MainClient:
    public float aplphaConnect
    private com.mygdx.tanks2d.ClientNetWork.VoiceChat.VoiceChatClient voiceChatClient
    public int getMyIdConnect()
    public boolean isOnLine()
    private void startClient()
com.mygdx.tanks2d.ClientNetWork.Network$StockMessInClient:
    java.lang.Integer nomerPlayer
    public float p1
    public float p2
    public float p3
    public float p4
    public java.lang.String textM
    public int tip
com.mygdx.tanks2d.ClientNetWork.Network$statusPlayer
com.mygdx.tanks2d.ClientNetWork.Network:
    public static final java.lang.String host
    public static final int tcpPort
    public static final int udpPort
    public void <init>()
com.mygdx.tanks2d.ClientNetWork.NetworkPacketStock:
    public void toSendMYParameters(int)
    public void toSendMyCommand(int)
    public void toSendMyNik()
com.mygdx.tanks2d.ClientNetWork.PacketModel
com.mygdx.tanks2d.ClientNetWork.RouterSM:
    private void mainMenuParametors(float)
com.mygdx.tanks2d.ClientNetWork.ServiceClient
com.mygdx.tanks2d.ClientNetWork.VoiceChat.VoiceChatClient$3$1
com.mygdx.tanks2d.ClientNetWork.VoiceChat.VoiceChatClient$3
com.mygdx.tanks2d.ClientNetWork.VoiceChat.VoiceChatClient:
    private static final int DEFAULT_SAMPLE_RATE
    public void <init>(com.esotericsoftware.kryo.Kryo,int)
    public void addReceiver(com.esotericsoftware.kryonet.Server)
    public int getRecommendedBufferSize()
com.mygdx.tanks2d.ClientNetWork.VoiceChat.VoiceChatServer
...
com.badlogic.gdx.graphics.g3d.particles.ParticleShader$Inputs
com.badlogic.gdx.graphics.g3d.particles.ParticleShader$ParticleType
com.badlogic.gdx.graphics.g3d.particles.ParticleShader$Setters$1
com.badlogic.gdx.graphics.g3d.particles.ParticleShader$Setters$2
com.badlogic.gdx.graphics.g3d.particles.ParticleShader$Setters$3
com.badlogic.gdx.graphics.g3d.particles.ParticleShader$Setters$4
com.badlogic.gdx.graphics.g3d.particles.ParticleShader$Setters$5
com.badlogic.gdx.graphics.g3d.particles.ParticleShader$Setters$6
com.badlogic.gdx.graphics.g3d.particles.ParticleShader$Setters
com.badlogic.gdx.graphics.g3d.particles.ParticleShader
com.badlogic.gdx.graphics.g3d.particles.ParticleSorter$Distance
com.badlogic.gdx.graphics.g3d.particles.ParticleSorter$None
com.badlogic.gdx.graphics.g3d.particles.ParticleSorter
com.badlogic.gdx.graphics.g3d.particles.ParticleSystem
com.badlogic.gdx.graphics.g3d.particles.ResourceData$AssetData:
    public void <init>(java.lang.String,java.lang.Class)
    public void write(com.badlogic.gdx.utils.Json)
com.badlogic.gdx.graphics.g3d.particles.ResourceData$Configurable
com.badlogic.gdx.graphics.g3d.particles.ResourceData$SaveData:
    public void <init>(com.badlogic.gdx.graphics.g3d.particles.ResourceData)
    public java.lang.Object load(java.lang.String)
    public com.badlogic.gdx.assets.AssetDescriptor loadAsset()
    public void save(java.lang.String,java.lang.Object)
    public void saveAsset(java.lang.String,java.lang.Class)
    public void write(com.badlogic.gdx.utils.Json)
com.badlogic.gdx.graphics.g3d.particles.ResourceData:
    public void <init>(java.lang.Object)
    public com.badlogic.gdx.graphics.g3d.particles.ResourceData$SaveData createSaveData()
    public com.badlogic.gdx.graphics.g3d.particles.ResourceData$SaveData createSaveData(java.lang.String)
    int getAssetData(java.lang.String,java.lang.Class)
    public com.badlogic.gdx.utils.Array getAssetDescriptors()
    public com.badlogic.gdx.graphics.g3d.particles.ResourceData$SaveData getSaveData()
    public com.badlogic.gdx.graphics.g3d.particles.ResourceData$SaveData getSaveData(java.lang.String)
    public void write(com.badlogic.gdx.utils.Json)
com.badlogic.gdx.graphics.g3d.particles.batches.BillboardParticleBatch$Config
com.badlogic.gdx.graphics.g3d.particles.batches.BillboardParticleBatch$RenderablePool
com.badlogic.gdx.graphics.g3d.particles.batches.BillboardParticleBatch
com.badlogic.gdx.graphics.g3d.particles.batches.BufferedParticleBatch
com.badlogic.gdx.graphics.g3d.particles.batches.ModelInstanceParticleBatch
com.badlogic.gdx.graphics.g3d.particles.batches.ParticleBatch:
    public abstract void begin()
    public abstract void draw(com.badlogic.gdx.graphics.g3d.particles.renderers.ParticleControllerRenderData)
    public abstract void end()
    public abstract void save(com.badlogic.gdx.assets.AssetManager,com.badlogic.gdx.graphics.g3d.particles.ResourceData)
com.badlogic.gdx.graphics.g3d.particles.batches.PointSpriteParticleBatch
com.badlogic.gdx.graphics.g3d.particles.emitters.Emitter:
    public float percent
    public void <init>(com.badlogic.gdx.graphics.g3d.particles.emitters.Emitter)
    public void end()
    public int getMaxParticleCount()
    public int getMinParticleCount()
    public void init()
    public boolean isComplete()
    public void set(com.badlogic.gdx.graphics.g3d.particles.emitters.Emitter)
    public void setMaxParticleCount(int)
    public void setMinParticleCount(int)
    public void setParticleCount(int,int)
    public void write(com.badlogic.gdx.utils.Json)
com.badlogic.gdx.graphics.g3d.particles.emitters.RegularEmitter$EmissionMode
com.badlogic.gdx.graphics.g3d.particles.emitters.RegularEmitter
com.badlogic.gdx.graphics.g3d.particles.influencers.ColorInfluencer$Random
com.badlogic.gdx.graphics.g3d.particles.influencers.ColorInfluencer$Single
com.badlogic.gdx.graphics.g3d.particles.influencers.ColorInfluencer
com.badlogic.gdx.graphics.g3d.particles.influencers.DynamicsInfluencer